2011-08-31 21:19:01 Warning: Warning (2): session_destroy() [<a href='http://php.net/function.session-destroy'>function.session-destroy</a>]: Session object destruction failed in [C:\WAMPS\apache\htdocs\cakephp\cake\libs\cake_session.php, line 458]
2011-08-31 21:53:04 Warning: Warning (512): <span style="color:Red;text-align:left"><b>SQL Error:</b> 1062: Duplicate entry '' for key 'email'</span> in [C:\WAMPS\apache\htdocs\cakephp\cake\libs\model\datasources\dbo_source.php, line 684]
2011-08-31 22:00:13 Warning: Warning (512): <span style="color:Red;text-align:left"><b>SQL Error:</b> 1062: Duplicate entry '' for key 'email'</span> in [C:\WAMPS\apache\htdocs\cakephp\cake\libs\model\datasources\dbo_source.php, line 684]
2011-09-01 11:24:21 Warning: Warning (512): <span style="color:Red;text-align:left"><b>SQL Error:</b> 1054: Unknown column 'Palestra.palestrante_id' in 'field list'</span> in [C:\WAMPS\apache\htdocs\cakephp\cake\libs\model\datasources\dbo_source.php, line 684]
2011-09-01 11:24:21 Warning: Warning (2): Invalid argument supplied for foreach() in [C:\WAMPS\apache\htdocs\cakephp\cake\libs\model\datasources\dbo_source.php, line 1098]
2011-09-01 11:25:46 Warning: Warning (512): <span style="color:Red;text-align:left"><b>SQL Error:</b> 1054: Unknown column 'Palestra.palestrante_id' in 'field list'</span> in [C:\WAMPS\apache\htdocs\cakephp\cake\libs\model\datasources\dbo_source.php, line 684]
2011-09-01 11:25:46 Warning: Warning (2): Invalid argument supplied for foreach() in [C:\WAMPS\apache\htdocs\cakephp\cake\libs\model\datasources\dbo_source.php, line 1098]
2011-09-01 11:26:33 Warning: Warning (512): <span style="color:Red;text-align:left"><b>SQL Error:</b> 1054: Unknown column 'Palestra.palestrante_id' in 'field list'</span> in [C:\WAMPS\apache\htdocs\cakephp\cake\libs\model\datasources\dbo_source.php, line 684]
2011-09-01 11:26:33 Warning: Warning (2): Invalid argument supplied for foreach() in [C:\WAMPS\apache\htdocs\cakephp\cake\libs\model\datasources\dbo_source.php, line 1098]
2011-09-01 20:29:51 Warning: Warning (2): Invalid argument supplied for foreach() in [C:\WAMPS\apache\htdocs\cakephp\app\views\palestrantes\index.ctp, line 3]
2011-09-01 20:29:55 Warning: Warning (2): Invalid argument supplied for foreach() in [C:\WAMPS\apache\htdocs\cakephp\app\views\palestrantes\index.ctp, line 3]
2011-09-04 11:50:57 Warning: Warning (2): Invalid argument supplied for foreach() in [C:\WAMPS\apache\htdocs\cakephp\app\views\palestras\index.ctp, line 3]
2011-09-04 11:53:10 Warning: Warning (2): Invalid argument supplied for foreach() in [C:\WAMPS\apache\htdocs\cakephp\app\views\palestras\index.ctp, line 3]
2011-09-04 11:56:34 Warning: Warning (2): Invalid argument supplied for foreach() in [C:\WAMPS\apache\htdocs\cakephp\app\views\palestras\index.ctp, line 3]
2011-09-04 11:56:47 Warning: Warning (2): Invalid argument supplied for foreach() in [C:\WAMPS\apache\htdocs\cakephp\app\views\palestras\index.ctp, line 3]
2011-09-04 12:39:30 Warning: Warning (2): Invalid argument supplied for foreach() in [C:\WAMPS\apache\htdocs\cakephp\app\views\palestras\adicionar.ctp, line 3]
2011-09-04 12:39:38 Warning: Warning (2): Invalid argument supplied for foreach() in [C:\WAMPS\apache\htdocs\cakephp\app\views\palestras\adicionar.ctp, line 3]
2011-09-04 13:15:33 Warning: Warning (2): Missing argument 2 for PalestrasController::palestra() in [C:\WAMPS\apache\htdocs\cakephp\app\controllers\palestras_controller.php, line 16]
2011-09-04 13:16:53 Warning: Warning (2): Missing argument 2 for PalestrasController::palestra() in [C:\WAMPS\apache\htdocs\cakephp\app\controllers\palestras_controller.php, line 16]
2011-09-04 13:21:40 Warning: Warning (2): Missing argument 2 for PalestrasController::palestra() in [C:\WAMPS\apache\htdocs\cakephp\app\controllers\palestras_controller.php, line 16]
2011-09-04 13:22:15 Warning: Warning (2): Missing argument 2 for PalestrasController::palestra() in [C:\WAMPS\apache\htdocs\cakephp\app\controllers\palestras_controller.php, line 16]
2011-09-04 13:23:06 Warning: Warning (512): <span style="color:Red;text-align:left"><b>SQL Error:</b> 1052: Column 'created' in order clause is ambiguous</span> in [C:\WAMPS\apache\htdocs\cakephp\cake\libs\model\datasources\dbo_source.php, line 684]
2011-09-04 13:24:56 Warning: Warning (512): <span style="color:Red;text-align:left"><b>SQL Error:</b> 1052: Column 'created' in order clause is ambiguous</span> in [C:\WAMPS\apache\htdocs\cakephp\cake\libs\model\datasources\dbo_source.php, line 684]
2011-09-04 13:24:58 Warning: Warning (512): <span style="color:Red;text-align:left"><b>SQL Error:</b> 1052: Column 'created' in order clause is ambiguous</span> in [C:\WAMPS\apache\htdocs\cakephp\cake\libs\model\datasources\dbo_source.php, line 684]
2011-09-04 13:25:02 Warning: Warning (512): <span style="color:Red;text-align:left"><b>SQL Error:</b> 1052: Column 'created' in order clause is ambiguous</span> in [C:\WAMPS\apache\htdocs\cakephp\cake\libs\model\datasources\dbo_source.php, line 684]
2011-09-04 13:25:03 Warning: Warning (512): <span style="color:Red;text-align:left"><b>SQL Error:</b> 1052: Column 'created' in order clause is ambiguous</span> in [C:\WAMPS\apache\htdocs\cakephp\cake\libs\model\datasources\dbo_source.php, line 684]
2011-09-04 13:25:03 Warning: Warning (512): <span style="color:Red;text-align:left"><b>SQL Error:</b> 1052: Column 'created' in order clause is ambiguous</span> in [C:\WAMPS\apache\htdocs\cakephp\cake\libs\model\datasources\dbo_source.php, line 684]
2011-09-04 13:25:04 Warning: Warning (512): <span style="color:Red;text-align:left"><b>SQL Error:</b> 1052: Column 'created' in order clause is ambiguous</span> in [C:\WAMPS\apache\htdocs\cakephp\cake\libs\model\datasources\dbo_source.php, line 684]
2011-09-04 13:25:04 Warning: Warning (512): <span style="color:Red;text-align:left"><b>SQL Error:</b> 1052: Column 'created' in order clause is ambiguous</span> in [C:\WAMPS\apache\htdocs\cakephp\cake\libs\model\datasources\dbo_source.php, line 684]
2011-09-04 13:28:19 Warning: Warning (512): <span style="color:Red;text-align:left"><b>SQL Error:</b> 1052: Column 'created' in order clause is ambiguous</span> in [C:\WAMPS\apache\htdocs\cakephp\cake\libs\model\datasources\dbo_source.php, line 684]
2011-09-04 13:29:32 Warning: Warning (512): <span style="color:Red;text-align:left"><b>SQL Error:</b> 1052: Column 'created' in order clause is ambiguous</span> in [C:\WAMPS\apache\htdocs\cakephp\cake\libs\model\datasources\dbo_source.php, line 684]
2011-09-04 13:33:51 Warning: Warning (512): <span style="color:Red;text-align:left"><b>SQL Error:</b> 1052: Column 'created' in order clause is ambiguous</span> in [C:\WAMPS\apache\htdocs\cakephp\cake\libs\model\datasources\dbo_source.php, line 684]
2011-09-04 13:34:11 Warning: Warning (512): <span style="color:Red;text-align:left"><b>SQL Error:</b> 1052: Column 'created' in order clause is ambiguous</span> in [C:\WAMPS\apache\htdocs\cakephp\cake\libs\model\datasources\dbo_source.php, line 684]
2011-09-04 13:36:07 Warning: Warning (512): <span style="color:Red;text-align:left"><b>SQL Error:</b> 1052: Column 'created' in order clause is ambiguous</span> in [C:\WAMPS\apache\htdocs\cakephp\cake\libs\model\datasources\dbo_source.php, line 684]
2011-09-04 13:37:50 Warning: Warning (2): Missing argument 2 for PalestrasController::palestra() in [C:\WAMPS\apache\htdocs\cakephp\app\controllers\palestras_controller.php, line 16]
2011-09-04 13:37:50 Warning: Warning (512): <span style="color:Red;text-align:left"><b>SQL Error:</b> 1052: Column 'created' in order clause is ambiguous</span> in [C:\WAMPS\apache\htdocs\cakephp\cake\libs\model\datasources\dbo_source.php, line 684]
2011-09-04 13:40:09 Warning: Warning (512): <span style="color:Red;text-align:left"><b>SQL Error:</b> 1052: Column 'created' in order clause is ambiguous</span> in [C:\WAMPS\apache\htdocs\cakephp\cake\libs\model\datasources\dbo_source.php, line 684]
2011-09-04 13:40:43 Warning: Warning (512): <span style="color:Red;text-align:left"><b>SQL Error:</b> 1052: Column 'created' in order clause is ambiguous</span> in [C:\WAMPS\apache\htdocs\cakephp\cake\libs\model\datasources\dbo_source.php, line 684]
2011-09-04 13:40:44 Warning: Warning (512): <span style="color:Red;text-align:left"><b>SQL Error:</b> 1052: Column 'created' in order clause is ambiguous</span> in [C:\WAMPS\apache\htdocs\cakephp\cake\libs\model\datasources\dbo_source.php, line 684]
2011-09-04 13:40:45 Warning: Warning (512): <span style="color:Red;text-align:left"><b>SQL Error:</b> 1052: Column 'created' in order clause is ambiguous</span> in [C:\WAMPS\apache\htdocs\cakephp\cake\libs\model\datasources\dbo_source.php, line 684]
2011-09-04 13:40:54 Warning: Warning (512): <span style="color:Red;text-align:left"><b>SQL Error:</b> 1052: Column 'created' in order clause is ambiguous</span> in [C:\WAMPS\apache\htdocs\cakephp\cake\libs\model\datasources\dbo_source.php, line 684]
2011-09-04 13:40:56 Warning: Warning (512): <span style="color:Red;text-align:left"><b>SQL Error:</b> 1052: Column 'created' in order clause is ambiguous</span> in [C:\WAMPS\apache\htdocs\cakephp\cake\libs\model\datasources\dbo_source.php, line 684]
2011-09-04 13:40:59 Warning: Warning (512): <span style="color:Red;text-align:left"><b>SQL Error:</b> 1052: Column 'created' in order clause is ambiguous</span> in [C:\WAMPS\apache\htdocs\cakephp\cake\libs\model\datasources\dbo_source.php, line 684]
2011-09-04 13:42:17 Warning: Warning (512): <span style="color:Red;text-align:left"><b>SQL Error:</b> 1052: Column 'created' in order clause is ambiguous</span> in [C:\WAMPS\apache\htdocs\cakephp\cake\libs\model\datasources\dbo_source.php, line 684]
2011-09-04 13:42:35 Warning: Warning (512): <span style="color:Red;text-align:left"><b>SQL Error:</b> 1052: Column 'created' in order clause is ambiguous</span> in [C:\WAMPS\apache\htdocs\cakephp\cake\libs\model\datasources\dbo_source.php, line 684]
2011-09-04 13:43:12 Warning: Warning (512): <span style="color:Red;text-align:left"><b>SQL Error:</b> 1052: Column 'created' in order clause is ambiguous</span> in [C:\WAMPS\apache\htdocs\cakephp\cake\libs\model\datasources\dbo_source.php, line 684]
2011-09-04 13:43:29 Warning: Warning (512): <span style="color:Red;text-align:left"><b>SQL Error:</b> 1052: Column 'created' in order clause is ambiguous</span> in [C:\WAMPS\apache\htdocs\cakephp\cake\libs\model\datasources\dbo_source.php, line 684]
2011-09-04 13:43:31 Warning: Warning (512): <span style="color:Red;text-align:left"><b>SQL Error:</b> 1052: Column 'created' in order clause is ambiguous</span> in [C:\WAMPS\apache\htdocs\cakephp\cake\libs\model\datasources\dbo_source.php, line 684]
2011-09-04 13:43:31 Warning: Warning (512): <span style="color:Red;text-align:left"><b>SQL Error:</b> 1052: Column 'created' in order clause is ambiguous</span> in [C:\WAMPS\apache\htdocs\cakephp\cake\libs\model\datasources\dbo_source.php, line 684]
2011-09-04 13:43:31 Warning: Warning (512): <span style="color:Red;text-align:left"><b>SQL Error:</b> 1052: Column 'created' in order clause is ambiguous</span> in [C:\WAMPS\apache\htdocs\cakephp\cake\libs\model\datasources\dbo_source.php, line 684]
2011-09-04 13:53:26 Warning: Warning (2): Missing argument 3 for PalestrasController::palestra() in [C:\WAMPS\apache\htdocs\cakephp\app\controllers\palestras_controller.php, line 16]
2011-09-04 13:55:54 Warning: Warning (2): Missing argument 3 for PalestrasController::palestra() in [C:\WAMPS\apache\htdocs\cakephp\app\controllers\palestras_controller.php, line 16]
2011-09-04 13:55:55 Warning: Warning (2): Missing argument 3 for PalestrasController::palestra() in [C:\WAMPS\apache\htdocs\cakephp\app\controllers\palestras_controller.php, line 16]
2011-09-04 13:56:26 Warning: Warning (2): Missing argument 3 for PalestrasController::palestra() in [C:\WAMPS\apache\htdocs\cakephp\app\controllers\palestras_controller.php, line 16]
2011-09-04 13:56:26 Warning: Warning (2): Missing argument 3 for PalestrasController::palestra() in [C:\WAMPS\apache\htdocs\cakephp\app\controllers\palestras_controller.php, line 16]
2011-09-04 13:57:24 Warning: Warning (2): Missing argument 2 for PalestrasController::palestra() in [C:\WAMPS\apache\htdocs\cakephp\app\controllers\palestras_controller.php, line 16]
2011-09-04 13:57:24 Warning: Warning (2): Missing argument 3 for PalestrasController::palestra() in [C:\WAMPS\apache\htdocs\cakephp\app\controllers\palestras_controller.php, line 16]
2011-09-04 13:57:24 Warning: Warning (2): Missing argument 2 for PalestrasController::palestra() in [C:\WAMPS\apache\htdocs\cakephp\app\controllers\palestras_controller.php, line 16]
2011-09-04 13:57:24 Warning: Warning (2): Missing argument 3 for PalestrasController::palestra() in [C:\WAMPS\apache\htdocs\cakephp\app\controllers\palestras_controller.php, line 16]
2011-09-04 13:59:46 Warning: Warning (2): Missing argument 3 for PalestrasController::palestra() in [C:\WAMPS\apache\htdocs\cakephp\app\controllers\palestras_controller.php, line 16]
2011-09-04 14:02:17 Warning: Warning (2): Missing argument 3 for PalestrasController::palestra() in [C:\WAMPS\apache\htdocs\cakephp\app\controllers\palestras_controller.php, line 16]
2011-09-04 14:50:51 Warning: Warning (512): <span style="color:Red;text-align:left"><b>SQL Error:</b> 1054: Unknown column 'Palestra.id' in 'order clause'</span> in [C:\WAMPS\apache\htdocs\cakephp\cake\libs\model\datasources\dbo_source.php, line 684]
2011-09-04 15:05:37 Warning: Warning (2): Invalid argument supplied for foreach() in [C:\WAMPS\apache\htdocs\cakephp\app\views\palestrantes\palestrante.ctp, line 11]
